c:\bonch\spbct\spbct_lapppd\educationalpractice\debug\vc142.pdb
c:\bonch\spbct\spbct_lapppd\educationalpractice\debug\.netframework,version=v4.7.2.assemblyattributes.obj
c:\bonch\spbct\spbct_lapppd\educationalpractice\debug\user.obj
c:\bonch\spbct\spbct_lapppd\educationalpractice\debug\myform.obj
c:\bonch\spbct\spbct_lapppd\educationalpractice\debug\dll.obj
c:\bonch\spbct\spbct_lapppd\educationalpractice\debug\edupractice.myform.resources
c:\bonch\spbct\spbct_lapppd\educationalpractice\debug\edupractice.vcxproj.assemblyreference.cache
c:\bonch\spbct\spbct_lapppd\educationalpractice\debug\edupractice.vcxproj.generateresource.cache
c:\bonch\spbct\spbct_lapppd\educationalpractice\debug\edupractice.exp
c:\bonch\spbct\spbct_lapppd\educationalpractice\debug\edupractice.pdb
c:\bonch\spbct\spbct_lapppd\educationalpractice\debug\edupractice.tlog\cl.command.1.tlog
c:\bonch\spbct\spbct_lapppd\educationalpractice\debug\edupractice.tlog\cl.read.1.tlog
c:\bonch\spbct\spbct_lapppd\educationalpractice\debug\edupractice.tlog\cl.write.1.tlog
c:\bonch\spbct\spbct_lapppd\educationalpractice\debug\edupractice.tlog\edupractice.write.1u.tlog
c:\bonch\spbct\spbct_lapppd\educationalpractice\debug\edupractice.tlog\link.20076-cvtres.read.1.tlog
c:\bonch\spbct\spbct_lapppd\educationalpractice\debug\edupractice.tlog\link.20076-cvtres.write.1.tlog
c:\bonch\spbct\spbct_lapppd\educationalpractice\debug\edupractice.tlog\link.20076-rc.read.1.tlog
c:\bonch\spbct\spbct_lapppd\educationalpractice\debug\edupractice.tlog\link.20076-rc.write.1.tlog
c:\bonch\spbct\spbct_lapppd\educationalpractice\debug\edupractice.tlog\link.20076.read.1.tlog
c:\bonch\spbct\spbct_lapppd\educationalpractice\debug\edupractice.tlog\link.20076.write.1.tlog
c:\bonch\spbct\spbct_lapppd\educationalpractice\debug\edupractice.tlog\link.command.1.tlog
c:\bonch\spbct\spbct_lapppd\educationalpractice\debug\edupractice.tlog\link.read.1.tlog
c:\bonch\spbct\spbct_lapppd\educationalpractice\debug\edupractice.tlog\link.write.1.tlog
c:\bonch\spbct\spbct_lapppd\educationalpractice\debug\edupractice.tlog\metagen.read.1.tlog
c:\bonch\spbct\spbct_lapppd\educationalpractice\debug\edupractice.tlog\metagen.write.1.tlog
